EXPLAIN ANALYZE 
SELECT * FROM members ORDER BY created_at DESC;
  ->  Seq Scan on members  (cost=0.00..10.50 rows=50 width=1418) (actual time=0.018..0.019 rows=0 loops=1)
Planning Time: 0.407 ms
Execution Time: 0.077 ms

EXPLAIN ANALYZE 
SELECT * FROM members WHERE first_name ILIKE '%John%' OR email ILIKE '%gmail.com';
Seq Scan on members  (cost=0.00..10.75 rows=1 width=1418) (actual time=0.011..0.011 rows=0 loops=1)
  Filter: (((first_name)::text ~~* '%John%'::text) OR ((email)::text ~~* '%gmail.com'::text))
Planning Time: 0.254 ms
Execution Time: 0.041 ms

EXPLAIN ANALYZE 
SELECT COUNT(*) FROM members;
Aggregate  (cost=10.62..10.63 rows=1 width=8) (actual time=0.021..0.022 rows=1 loops=1)
  ->  Seq Scan on members  (cost=0.00..10.50 rows=50 width=0) (actual time=0.015..0.015 rows=0 loops=1)
Planning Time: 0.293 ms
Execution Time: 0.090 ms

EXPLAIN ANALYZE 
SELECT status, COUNT(*) 
FROM members 
GROUP BY status;
HashAggregate  (cost=10.75..11.25 rows=50 width=66) (actual time=0.020..0.021 rows=0 loops=1)
  Group Key: status
  Batches: 1  Memory Usage: 24kB
  ->  Seq Scan on members  (cost=0.00..10.50 rows=50 width=58) (actual time=0.018..0.018 rows=0 loops=1)
Planning Time: 0.291 ms
Execution Time: 0.085 ms